<?xml version="1.0" encoding="UTF-8"?>
<!-- Generated by org.testng.reporters.JUnitReportReporter -->
<testsuite name="sempra.demo.Login" tests="3" time="18.706" ignored="0" failures="0" timestamp="02 Aug 2017 22:04:10 GMT" skipped="0" hostname="Wasims-MacBook-Pro.local" errors="0">
  <testcase name="i_should_be_able_to_login_into_Spectrum_portal" time="5.846" classname="sempra.demo.Login"/>
  <testcase name="i_am_on_www_spectrum_net_portal_and_I_click_on_Sign_In_button" time="9.164" classname="sempra.demo.Login"/>
  <testcase name="i_enter_valid_autoqa__hoh_charter_net_and_Testing_in_the_textboxes" time="3.696" classname="sempra.demo.Login"/>
</testsuite> <!-- sempra.demo.Login -->
