<?xml version="1.0" encoding="UTF-8"?>
<!-- Generated by org.testng.reporters.JUnitReportReporter -->
<testsuite name="sempra.demo.Guide" tests="3" time="197.229" ignored="0" failures="0" timestamp="02 Aug 2017 06:31:19 GMT" skipped="0" hostname="Wasims-MacBook-Pro.local" errors="0">
  <testcase name="i_click_on_the_Guide_link" time="167.301" classname="sempra.demo.Guide"/>
  <testcase name="i_should_be_redirected_to_the_TV_Guide_page" time="7.210" classname="sempra.demo.Guide"/>
  <testcase name="i_am_on_www_spectrum_net_website" time="22.718" classname="sempra.demo.Guide"/>
</testsuite> <!-- sempra.demo.Guide -->
