<?xml version="1.0" encoding="UTF-8"?>
<!-- Generated by org.testng.reporters.JUnitReportReporter -->
<testsuite name="sempra.demo.Store_Locator" tests="5" time="22.600" ignored="0" failures="0" timestamp="02 Aug 2017 07:35:14 GMT" skipped="0" hostname="Wasims-MacBook-Pro.local" errors="0">
  <testcase name="i_should_be_redirected_to_Spectrum_Service_page" time="0.646" classname="sempra.demo.Store_Locator"/>
  <testcase name="i_am_on_www_spectrum_net_portal" time="7.839" classname="sempra.demo.Store_Locator"/>
  <testcase name="i_should_be_able_to_see_the_list_of_service_centers_near_me" time="3.748" classname="sempra.demo.Store_Locator"/>
  <testcase name="i_enter_zip_code_and_distance_within" time="1.651" classname="sempra.demo.Store_Locator"/>
  <testcase name="i_click_on_the_Locations_link" time="8.716" classname="sempra.demo.Store_Locator"/>
</testsuite> <!-- sempra.demo.Store_Locator -->
