<?xml version="1.0" encoding="UTF-8"?>
<!-- Generated by org.testng.reporters.JUnitReportReporter -->
<testsuite name="sempra.demo.Store_Locator" tests="5" time="20.312" ignored="0" failures="0" timestamp="02 Aug 2017 05:05:20 GMT" skipped="0" hostname="Wasims-MacBook-Pro.local" errors="0">
  <testcase name="i_click_on_the_Locations_link" time="9.381" classname="sempra.demo.Store_Locator"/>
  <testcase name="i_am_on_www_spectrum_net_portal" time="8.690" classname="sempra.demo.Store_Locator"/>
  <testcase name="i_enter_zip_code_and_distance_within" time="1.218" classname="sempra.demo.Store_Locator"/>
  <testcase name="i_should_be_redirected_to_Spectrum_Service_page" time="0.325" classname="sempra.demo.Store_Locator"/>
  <testcase name="i_should_be_able_to_see_the_list_of_service_centers_near_me" time="0.698" classname="sempra.demo.Store_Locator"/>
</testsuite> <!-- sempra.demo.Store_Locator -->
